app/build/outputs/logs/manifest-merger-debug-report.txt
-- Merging decision tree log ---
manifest
ADDED from src/main/AndroidManifest.xml:2:1-72:12
	xmlns:android
		ADDED from src/main/AndroidManifest.xml:2:11-69
	package
		ADDED from src/main/AndroidManifest.xml:3:5-49
		INJECTED from src/main/AndroidManifest.xml
		INJECTED from src/main/AndroidManifest.xml
	android:versionName
		ADDED from src/main/AndroidManifest.xml:5:5-30
	android:versionCode
		ADDED from src/main/AndroidManifest.xml:4:5-28
		INJECTED from src/main/AndroidManifest.xml
		INJECTED from src/main/AndroidManifest.xml
uses-sdk
ADDED from src/main/AndroidManifest.xml:7:5-9:41
MERGED from [com.android.support:appcompat-v7:21.0.0] AndroidManifest.xml:15:5-42
MERGED from [com.android.support:support-v4:21.0.0] AndroidManifest.xml:15:5-42
MERGED from [com.astuetz:pagerslidingtabstrip:1.0.1] AndroidManifest.xml:2:5-72
MERGED from [com.android.support:support-v4:21.0.0] AndroidManifest.xml:15:5-42
	android:targetSdkVersion
		ADDED from src/main/AndroidManifest.xml:9:9-38
		INJECTED from src/main/AndroidManifest.xml
		INJECTED from src/main/AndroidManifest.xml
	android:minSdkVersion
		ADDED from src/main/AndroidManifest.xml:8:9-35
		INJECTED from src/main/AndroidManifest.xml
		INJECTED from src/main/AndroidManifest.xml
uses-permission#android.permission.ACCESS_NETWORK_STATE
ADDED from src/main/AndroidManifest.xml:11:5-79
	android:name
		ADDED from src/main/AndroidManifest.xml:11:22-76
uses-permission#android.permission.INTERNET
ADDED from src/main/AndroidManifest.xml:12:5-67
	android:name
		ADDED from src/main/AndroidManifest.xml:12:22-64
uses-permission#android.permission.WRITE_EXTERNAL_STORAGE
ADDED from src/main/AndroidManifest.xml:13:5-81
	android:name
		ADDED from src/main/AndroidManifest.xml:13:22-78
uses-permission#android.permission.READ_PHONE_STATE
ADDED from src/main/AndroidManifest.xml:14:5-75
	android:name
		ADDED from src/main/AndroidManifest.xml:14:22-72
uses-permission#android.permission.READ_EXTERNAL_STORAGE
ADDED from src/main/AndroidManifest.xml:15:5-17:38
	android:maxSdkVersion
		ADDED from src/main/AndroidManifest.xml:17:9-35
	android:name
		ADDED from src/main/AndroidManifest.xml:16:9-64
application
ADDED from src/main/AndroidManifest.xml:19:5-70:19
MERGED from [com.android.support:appcompat-v7:21.0.0] AndroidManifest.xml:16:5-19
MERGED from [com.android.support:support-v4:21.0.0] AndroidManifest.xml:16:5-19
MERGED from [com.astuetz:pagerslidingtabstrip:1.0.1] AndroidManifest.xml:4:5-19
MERGED from [com.android.support:support-v4:21.0.0] AndroidManifest.xml:16:5-19
	android:label
		ADDED from src/main/AndroidManifest.xml:23:9-41
	android:allowBackup
		ADDED from src/main/AndroidManifest.xml:21:9-35
	android:icon
		ADDED from src/main/AndroidManifest.xml:22:9-51
	android:theme
		ADDED from src/main/AndroidManifest.xml:24:9-40
	android:name
		ADDED from src/main/AndroidManifest.xml:20:9-90
meta-data#AA_DB_NAME
ADDED from src/main/AndroidManifest.xml:26:9-28:45
	android:name
		ADDED from src/main/AndroidManifest.xml:27:13-38
	android:value
		ADDED from src/main/AndroidManifest.xml:28:13-42
meta-data#AA_DB_VERSION
ADDED from src/main/AndroidManifest.xml:29:9-31:33
	android:name
		ADDED from src/main/AndroidManifest.xml:30:13-41
	android:value
		ADDED from src/main/AndroidManifest.xml:31:13-30
activity#com.codepath.apps.joshsimpletweets.activities.LoginActivity
ADDED from src/main/AndroidManifest.xml:33:9-52:20
	android:label
		ADDED from src/main/AndroidManifest.xml:35:13-45
	android:theme
		ADDED from src/main/AndroidManifest.xml:36:13-44
	android:name
		ADDED from src/main/AndroidManifest.xml:34:13-87
intent-filter#android.intent.action.MAIN+android.intent.category.LAUNCHER
ADDED from src/main/AndroidManifest.xml:37:13-41:29
action#android.intent.action.MAIN
ADDED from src/main/AndroidManifest.xml:38:17-69
	android:name
		ADDED from src/main/AndroidManifest.xml:38:25-66
category#android.intent.category.LAUNCHER
ADDED from src/main/AndroidManifest.xml:40:17-77
	android:name
		ADDED from src/main/AndroidManifest.xml:40:27-74
intent-filter#android.intent.action.VIEW+android.intent.category.BROWSABLE+android.intent.category.DEFAULT
ADDED from src/main/AndroidManifest.xml:42:13-51:29
action#android.intent.action.VIEW
ADDED from src/main/AndroidManifest.xml:43:17-69
	android:name
		ADDED from src/main/AndroidManifest.xml:43:25-66
category#android.intent.category.DEFAULT
ADDED from src/main/AndroidManifest.xml:45:17-76
	android:name
		ADDED from src/main/AndroidManifest.xml:45:27-73
category#android.intent.category.BROWSABLE
ADDED from src/main/AndroidManifest.xml:46:17-78
	android:name
		ADDED from src/main/AndroidManifest.xml:46:27-75
data
ADDED from src/main/AndroidManifest.xml:48:17-50:46
	android:host
		ADDED from src/main/AndroidManifest.xml:49:21-50
	android:scheme
		ADDED from src/main/AndroidManifest.xml:50:21-43
activity#com.codepath.apps.joshsimpletweets.activities.TimelineActivity
ADDED from src/main/AndroidManifest.xml:53:9-56:20
	android:label
		ADDED from src/main/AndroidManifest.xml:55:13-60
	android:name
		ADDED from src/main/AndroidManifest.xml:54:13-90
activity#com.codepath.apps.joshsimpletweets.activities.ComposeTweetActivity
ADDED from src/main/AndroidManifest.xml:57:9-60:20
	android:label
		ADDED from src/main/AndroidManifest.xml:59:13-65
	android:name
		ADDED from src/main/AndroidManifest.xml:58:13-94
activity#com.codepath.apps.joshsimpletweets.activities.TweetDisplayActivity
ADDED from src/main/AndroidManifest.xml:61:9-65:20
	android:label
		ADDED from src/main/AndroidManifest.xml:63:13-65
	android:parentActivityName
		ADDED from src/main/AndroidManifest.xml:64:13-104
	android:name
		ADDED from src/main/AndroidManifest.xml:62:13-94
activity#com.codepath.apps.joshsimpletweets.activities.ProfileActivity
ADDED from src/main/AndroidManifest.xml:66:9-69:20
	android:label
		ADDED from src/main/AndroidManifest.xml:68:13-59
	android:name
		ADDED from src/main/AndroidManifest.xml:67:13-89